<?xml version="1.0" encoding="UTF-8"?>
<!-- Generated by org.testng.reporters.JUnitXMLReporter -->
<testsuite ignored="0" hostname="DESKTOP-8J2OV71" failures="0" tests="3" name="Default test" time="9.663" errors="0" timestamp="2025-08-01T13:39:05 IST">
  <testcase classname="tests.LoginTests" name="checkPasswordToggle" time="0.848"/>
  <testcase classname="tests.LoginTests" name="checkLoginButtonDisabled" time="0.037"/>
  <testcase classname="tests.LoginTests" name="checkInvalidLoginShowsError" time="1.956"/>
</testsuite> <!-- Default test -->
