<?xml version="1.0" encoding="UTF-8"?>
<testng-results ignored="0" total="3" passed="3" failed="0" skipped="0">
  <reporter-output>
  </reporter-output>
  <suite started-at="2025-08-01T13:38:53 IST" name="Default suite" finished-at="2025-08-01T13:39:03 IST" duration-ms="9663">
    <groups>
    </groups>
    <test started-at="2025-08-01T13:38:53 IST" name="Default test" finished-at="2025-08-01T13:39:03 IST" duration-ms="9663">
      <class name="tests.LoginTests">
        <test-method is-config="true" signature="setUp()[pri:0, instance:tests.LoginTests@5656be13]" started-at="2025-08-01T13:38:53 IST" name="setUp" finished-at="2025-08-01T13:39:00 IST" duration-ms="6713" status="PASS">
          <reporter-output>
          </reporter-output>
        </test-method> <!-- setUp -->
        <test-method signature="checkPasswordToggle()[pri:1, instance:tests.LoginTests@5656be13]" started-at="2025-08-01T13:39:00 IST" name="checkPasswordToggle" finished-at="2025-08-01T13:39:01 IST" duration-ms="848" status="PASS">
          <reporter-output>
          </reporter-output>
        </test-method> <!-- checkPasswordToggle -->
        <test-method signature="checkLoginButtonDisabled()[pri:2, instance:tests.LoginTests@5656be13]" started-at="2025-08-01T13:39:01 IST" name="checkLoginButtonDisabled" finished-at="2025-08-01T13:39:01 IST" duration-ms="37" status="PASS">
          <reporter-output>
          </reporter-output>
        </test-method> <!-- checkLoginButtonDisabled -->
        <test-method signature="checkInvalidLoginShowsError()[pri:3, instance:tests.LoginTests@5656be13]" started-at="2025-08-01T13:39:01 IST" name="checkInvalidLoginShowsError" finished-at="2025-08-01T13:39:03 IST" duration-ms="1956" status="PASS">
          <reporter-output>
          </reporter-output>
        </test-method> <!-- checkInvalidLoginShowsError -->
      </class> <!-- tests.LoginTests -->
    </test> <!-- Default test -->
  </suite> <!-- Default suite -->
</testng-results>
